{"C:\\Users\\ADMIN\\Desktop\\NonnySignature\\test\\test1.js": {"path":"C:\\Users\\ADMIN\\Desktop\\NonnySignature\\test\\test1.js","statementMap":{"0":{"start":{"line":1,"column":0},"end":{"line":3,"column":5}},"1":{"start":{"line":2,"column":4},"end":{"line":2,"column":17}}},"fnMap":{"0":{"name":"check","decl":{"start":{"line":1,"column":26},"end":{"line":1,"column":31}},"loc":{"start":{"line":1,"column":36},"end":{"line":3,"column":5}},"line":1}},"branchMap":{},"s":{"0":1,"1":1},"f":{"0":1},"b":{},"_coverageSchema":"1a1c01bbd47fc00a2c39e90264f33305004495a9","hash":"acdcce0199a4ffb92b47798208fe8e7fa7b02062"}
}
